Apr 10, 2018 10:30:43 PM org.apache.tika.config.InitializableProblemHandler$3 handleInitializableProblem
WARNING: JBIG2ImageReader not loaded. jbig2 files will be ignored
See https://pdfbox.apache.org/2.0/dependencies.html#jai-image-io
for optional dependencies.
TIFFImageWriter not loaded. tiff files will not be processed
See https://pdfbox.apache.org/2.0/dependencies.html#jai-image-io
for optional dependencies.
J2KImageReader not loaded. JPEG2000 files will not be processed.
See https://pdfbox.apache.org/2.0/dependencies.html#jai-image-io
for optional dependencies.

Apr 10, 2018 10:30:43 PM org.apache.tika.config.InitializableProblemHandler$3 handleInitializableProblem
WARNING: org.xerial's sqlite-jdbc is not loaded.
Please provide the jar on your classpath to parse sqlite files.
See tika-parsers/pom.xml for the correct version.
INFO  Starting Apache Tika 1.17 server
INFO  Setting the server's publish address to be http://localhost:8080/
INFO  jetty-8.y.z-SNAPSHOT
INFO  Started SelectChannelConnector@localhost:8080
INFO  Started Apache Tika server at http://localhost:8080/
INFO  tika (autodetecting type)
WARN  tika: Text extraction failed
org.apache.tika.exception.TikaException: Unexpected RuntimeException from org.apache.tika.parser.pdf.PDFParser@6fe127b4
	at org.apache.tika.parser.CompositeParser.parse(CompositeParser.java:282)
	at org.apache.tika.parser.ParserDecorator.parse(ParserDecorator.java:188)
	at org.apache.tika.parser.CompositeParser.parse(CompositeParser.java:280)
	at org.apache.tika.parser.AutoDetectParser.parse(AutoDetectParser.java:143)
	at org.apache.tika.server.resource.TikaResource.parse(TikaResource.java:322)
	at org.apache.tika.server.resource.TikaResource$5.write(TikaResource.java:421)
	at org.apache.cxf.jaxrs.provider.BinaryDataProvider.writeTo(BinaryDataProvider.java:164)
	at org.apache.cxf.jaxrs.utils.JAXRSUtils.writeMessageBody(JAXRSUtils.java:1414)
	at org.apache.cxf.jaxrs.interceptor.JAXRSOutInterceptor.serializeMessage(JAXRSOutInterceptor.java:243)
	at org.apache.cxf.jaxrs.interceptor.JAXRSOutInterceptor.processResponse(JAXRSOutInterceptor.java:119)
	at org.apache.cxf.jaxrs.interceptor.JAXRSOutInterceptor.handleMessage(JAXRSOutInterceptor.java:82)
	at org.apache.cxf.phase.PhaseInterceptorChain.doIntercept(PhaseInterceptorChain.java:307)
	at org.apache.cxf.interceptor.OutgoingChainInterceptor.handleMessage(OutgoingChainInterceptor.java:83)
	at org.apache.cxf.phase.PhaseInterceptorChain.doIntercept(PhaseInterceptorChain.java:307)
	at org.apache.cxf.transport.ChainInitiationObserver.onMessage(ChainInitiationObserver.java:121)
	at org.apache.cxf.transport.http.AbstractHTTPDestination.invoke(AbstractHTTPDestination.java:274)
	at org.apache.cxf.transport.http_jetty.JettyHTTPDestination.doService(JettyHTTPDestination.java:261)
	at org.apache.cxf.transport.http_jetty.JettyHTTPHandler.handle(JettyHTTPHandler.java:76)
	at org.eclipse.jetty.server.handler.ContextHandler.doHandle(ContextHandler.java:1088)
	at org.eclipse.jetty.server.handler.ContextHandler.doScope(ContextHandler.java:1024)
	at org.eclipse.jetty.server.handler.ScopedHandler.handle(ScopedHandler.java:135)
	at org.eclipse.jetty.server.handler.ContextHandlerCollection.handle(ContextHandlerCollection.java:255)
	at org.eclipse.jetty.server.handler.HandlerWrapper.handle(HandlerWrapper.java:116)
	at org.eclipse.jetty.server.Server.handle(Server.java:370)
	at org.eclipse.jetty.server.AbstractHttpConnection.handleRequest(AbstractHttpConnection.java:494)
	at org.eclipse.jetty.server.AbstractHttpConnection.content(AbstractHttpConnection.java:984)
	at org.eclipse.jetty.server.AbstractHttpConnection$RequestHandler.content(AbstractHttpConnection.java:1045)
	at org.eclipse.jetty.http.HttpParser.parseNext(HttpParser.java:861)
	at org.eclipse.jetty.http.HttpParser.parseAvailable(HttpParser.java:236)
	at org.eclipse.jetty.server.AsyncHttpConnection.handle(AsyncHttpConnection.java:82)
	at org.eclipse.jetty.io.nio.SelectChannelEndPoint.handle(SelectChannelEndPoint.java:696)
	at org.eclipse.jetty.io.nio.SelectChannelEndPoint$1.run(SelectChannelEndPoint.java:53)
	at org.eclipse.jetty.util.thread.QueuedThreadPool.runJob(QueuedThreadPool.java:608)
	at org.eclipse.jetty.util.thread.QueuedThreadPool$3.run(QueuedThreadPool.java:543)
	at java.lang.Thread.run(Thread.java:748)
Caused by: java.lang.IllegalArgumentException: root cannot be null
	at org.apache.pdfbox.pdmodel.PDPageTree.<init>(PDPageTree.java:75)
	at org.apache.pdfbox.pdmodel.PDDocumentCatalog.getPages(PDDocumentCatalog.java:129)
	at org.apache.pdfbox.pdmodel.PDDocument.getNumberOfPages(PDDocument.java:1411)
	at org.apache.tika.parser.pdf.PDFParser.extractMetadata(PDFParser.java:244)
	at org.apache.tika.parser.pdf.PDFParser.parse(PDFParser.java:155)
	at org.apache.tika.parser.CompositeParser.parse(CompositeParser.java:280)
	... 34 more
ERROR Problem with writing the data, class org.apache.tika.server.resource.TikaResource$5, ContentType: text/plain
INFO  tika (autodetecting type)
WARN  tika: Text extraction failed
org.apache.tika.exception.TikaException: TIKA-198: Illegal IOException from org.apache.tika.parser.pdf.PDFParser@6fe127b4
	at org.apache.tika.parser.CompositeParser.parse(CompositeParser.java:286)
	at org.apache.tika.parser.ParserDecorator.parse(ParserDecorator.java:188)
	at org.apache.tika.parser.CompositeParser.parse(CompositeParser.java:280)
	at org.apache.tika.parser.AutoDetectParser.parse(AutoDetectParser.java:143)
	at org.apache.tika.server.resource.TikaResource.parse(TikaResource.java:322)
	at org.apache.tika.server.resource.TikaResource$5.write(TikaResource.java:421)
	at org.apache.cxf.jaxrs.provider.BinaryDataProvider.writeTo(BinaryDataProvider.java:164)
	at org.apache.cxf.jaxrs.utils.JAXRSUtils.writeMessageBody(JAXRSUtils.java:1414)
	at org.apache.cxf.jaxrs.interceptor.JAXRSOutInterceptor.serializeMessage(JAXRSOutInterceptor.java:243)
	at org.apache.cxf.jaxrs.interceptor.JAXRSOutInterceptor.processResponse(JAXRSOutInterceptor.java:119)
	at org.apache.cxf.jaxrs.interceptor.JAXRSOutInterceptor.handleMessage(JAXRSOutInterceptor.java:82)
	at org.apache.cxf.phase.PhaseInterceptorChain.doIntercept(PhaseInterceptorChain.java:307)
	at org.apache.cxf.interceptor.OutgoingChainInterceptor.handleMessage(OutgoingChainInterceptor.java:83)
	at org.apache.cxf.phase.PhaseInterceptorChain.doIntercept(PhaseInterceptorChain.java:307)
	at org.apache.cxf.transport.ChainInitiationObserver.onMessage(ChainInitiationObserver.java:121)
	at org.apache.cxf.transport.http.AbstractHTTPDestination.invoke(AbstractHTTPDestination.java:274)
	at org.apache.cxf.transport.http_jetty.JettyHTTPDestination.doService(JettyHTTPDestination.java:261)
	at org.apache.cxf.transport.http_jetty.JettyHTTPHandler.handle(JettyHTTPHandler.java:76)
	at org.eclipse.jetty.server.handler.ContextHandler.doHandle(ContextHandler.java:1088)
	at org.eclipse.jetty.server.handler.ContextHandler.doScope(ContextHandler.java:1024)
	at org.eclipse.jetty.server.handler.ScopedHandler.handle(ScopedHandler.java:135)
	at org.eclipse.jetty.server.handler.ContextHandlerCollection.handle(ContextHandlerCollection.java:255)
	at org.eclipse.jetty.server.handler.HandlerWrapper.handle(HandlerWrapper.java:116)
	at org.eclipse.jetty.server.Server.handle(Server.java:370)
	at org.eclipse.jetty.server.AbstractHttpConnection.handleRequest(AbstractHttpConnection.java:494)
	at org.eclipse.jetty.server.AbstractHttpConnection.content(AbstractHttpConnection.java:984)
	at org.eclipse.jetty.server.AbstractHttpConnection$RequestHandler.content(AbstractHttpConnection.java:1045)
	at org.eclipse.jetty.http.HttpParser.parseNext(HttpParser.java:861)
	at org.eclipse.jetty.http.HttpParser.parseAvailable(HttpParser.java:236)
	at org.eclipse.jetty.server.AsyncHttpConnection.handle(AsyncHttpConnection.java:82)
	at org.eclipse.jetty.io.nio.SelectChannelEndPoint.handle(SelectChannelEndPoint.java:696)
	at org.eclipse.jetty.io.nio.SelectChannelEndPoint$1.run(SelectChannelEndPoint.java:53)
	at org.eclipse.jetty.util.thread.QueuedThreadPool.runJob(QueuedThreadPool.java:608)
	at org.eclipse.jetty.util.thread.QueuedThreadPool$3.run(QueuedThreadPool.java:543)
	at java.lang.Thread.run(Thread.java:748)
Caused by: java.io.IOException: Missing root object specification in trailer.
	at org.apache.pdfbox.pdfparser.COSParser.parseTrailerValuesDynamically(COSParser.java:2684)
	at org.apache.pdfbox.pdfparser.PDFParser.initialParse(PDFParser.java:193)
	at org.apache.pdfbox.pdfparser.PDFParser.parse(PDFParser.java:240)
	at org.apache.pdfbox.pdmodel.PDDocument.load(PDDocument.java:1145)
	at org.apache.pdfbox.pdmodel.PDDocument.load(PDDocument.java:1118)
	at org.apache.tika.parser.pdf.PDFParser.parse(PDFParser.java:150)
	at org.apache.tika.parser.CompositeParser.parse(CompositeParser.java:280)
	... 34 more
ERROR Problem with writing the data, class org.apache.tika.server.resource.TikaResource$5, ContentType: text/plain
INFO  tika (autodetecting type)
WARN  tika: Text extraction failed
org.apache.tika.exception.TikaException: TIKA-198: Illegal IOException from org.apache.tika.parser.pdf.PDFParser@6fe127b4
	at org.apache.tika.parser.CompositeParser.parse(CompositeParser.java:286)
	at org.apache.tika.parser.ParserDecorator.parse(ParserDecorator.java:188)
	at org.apache.tika.parser.CompositeParser.parse(CompositeParser.java:280)
	at org.apache.tika.parser.AutoDetectParser.parse(AutoDetectParser.java:143)
	at org.apache.tika.server.resource.TikaResource.parse(TikaResource.java:322)
	at org.apache.tika.server.resource.TikaResource$5.write(TikaResource.java:421)
	at org.apache.cxf.jaxrs.provider.BinaryDataProvider.writeTo(BinaryDataProvider.java:164)
	at org.apache.cxf.jaxrs.utils.JAXRSUtils.writeMessageBody(JAXRSUtils.java:1414)
	at org.apache.cxf.jaxrs.interceptor.JAXRSOutInterceptor.serializeMessage(JAXRSOutInterceptor.java:243)
	at org.apache.cxf.jaxrs.interceptor.JAXRSOutInterceptor.processResponse(JAXRSOutInterceptor.java:119)
	at org.apache.cxf.jaxrs.interceptor.JAXRSOutInterceptor.handleMessage(JAXRSOutInterceptor.java:82)
	at org.apache.cxf.phase.PhaseInterceptorChain.doIntercept(PhaseInterceptorChain.java:307)
	at org.apache.cxf.interceptor.OutgoingChainInterceptor.handleMessage(OutgoingChainInterceptor.java:83)
	at org.apache.cxf.phase.PhaseInterceptorChain.doIntercept(PhaseInterceptorChain.java:307)
	at org.apache.cxf.transport.ChainInitiationObserver.onMessage(ChainInitiationObserver.java:121)
	at org.apache.cxf.transport.http.AbstractHTTPDestination.invoke(AbstractHTTPDestination.java:274)
	at org.apache.cxf.transport.http_jetty.JettyHTTPDestination.doService(JettyHTTPDestination.java:261)
	at org.apache.cxf.transport.http_jetty.JettyHTTPHandler.handle(JettyHTTPHandler.java:76)
	at org.eclipse.jetty.server.handler.ContextHandler.doHandle(ContextHandler.java:1088)
	at org.eclipse.jetty.server.handler.ContextHandler.doScope(ContextHandler.java:1024)
	at org.eclipse.jetty.server.handler.ScopedHandler.handle(ScopedHandler.java:135)
	at org.eclipse.jetty.server.handler.ContextHandlerCollection.handle(ContextHandlerCollection.java:255)
	at org.eclipse.jetty.server.handler.HandlerWrapper.handle(HandlerWrapper.java:116)
	at org.eclipse.jetty.server.Server.handle(Server.java:370)
	at org.eclipse.jetty.server.AbstractHttpConnection.handleRequest(AbstractHttpConnection.java:494)
	at org.eclipse.jetty.server.AbstractHttpConnection.content(AbstractHttpConnection.java:984)
	at org.eclipse.jetty.server.AbstractHttpConnection$RequestHandler.content(AbstractHttpConnection.java:1045)
	at org.eclipse.jetty.http.HttpParser.parseNext(HttpParser.java:861)
	at org.eclipse.jetty.http.HttpParser.parseAvailable(HttpParser.java:236)
	at org.eclipse.jetty.server.AsyncHttpConnection.handle(AsyncHttpConnection.java:82)
	at org.eclipse.jetty.io.nio.SelectChannelEndPoint.handle(SelectChannelEndPoint.java:696)
	at org.eclipse.jetty.io.nio.SelectChannelEndPoint$1.run(SelectChannelEndPoint.java:53)
	at org.eclipse.jetty.util.thread.QueuedThreadPool.runJob(QueuedThreadPool.java:608)
	at org.eclipse.jetty.util.thread.QueuedThreadPool$3.run(QueuedThreadPool.java:543)
	at java.lang.Thread.run(Thread.java:748)
Caused by: java.io.IOException: Missing root object specification in trailer.
	at org.apache.pdfbox.pdfparser.COSParser.parseTrailerValuesDynamically(COSParser.java:2684)
	at org.apache.pdfbox.pdfparser.PDFParser.initialParse(PDFParser.java:193)
	at org.apache.pdfbox.pdfparser.PDFParser.parse(PDFParser.java:240)
	at org.apache.pdfbox.pdmodel.PDDocument.load(PDDocument.java:1145)
	at org.apache.pdfbox.pdmodel.PDDocument.load(PDDocument.java:1118)
	at org.apache.tika.parser.pdf.PDFParser.parse(PDFParser.java:150)
	at org.apache.tika.parser.CompositeParser.parse(CompositeParser.java:280)
	... 34 more
ERROR Problem with writing the data, class org.apache.tika.server.resource.TikaResource$5, ContentType: text/plain
INFO  tika (autodetecting type)
WARN  tika: Text extraction failed
org.apache.tika.exception.TikaException: Unexpected RuntimeException from org.apache.tika.parser.pdf.PDFParser@6fe127b4
	at org.apache.tika.parser.CompositeParser.parse(CompositeParser.java:282)
	at org.apache.tika.parser.ParserDecorator.parse(ParserDecorator.java:188)
	at org.apache.tika.parser.CompositeParser.parse(CompositeParser.java:280)
	at org.apache.tika.parser.AutoDetectParser.parse(AutoDetectParser.java:143)
	at org.apache.tika.server.resource.TikaResource.parse(TikaResource.java:322)
	at org.apache.tika.server.resource.TikaResource$5.write(TikaResource.java:421)
	at org.apache.cxf.jaxrs.provider.BinaryDataProvider.writeTo(BinaryDataProvider.java:164)
	at org.apache.cxf.jaxrs.utils.JAXRSUtils.writeMessageBody(JAXRSUtils.java:1414)
	at org.apache.cxf.jaxrs.interceptor.JAXRSOutInterceptor.serializeMessage(JAXRSOutInterceptor.java:243)
	at org.apache.cxf.jaxrs.interceptor.JAXRSOutInterceptor.processResponse(JAXRSOutInterceptor.java:119)
	at org.apache.cxf.jaxrs.interceptor.JAXRSOutInterceptor.handleMessage(JAXRSOutInterceptor.java:82)
	at org.apache.cxf.phase.PhaseInterceptorChain.doIntercept(PhaseInterceptorChain.java:307)
	at org.apache.cxf.interceptor.OutgoingChainInterceptor.handleMessage(OutgoingChainInterceptor.java:83)
	at org.apache.cxf.phase.PhaseInterceptorChain.doIntercept(PhaseInterceptorChain.java:307)
	at org.apache.cxf.transport.ChainInitiationObserver.onMessage(ChainInitiationObserver.java:121)
	at org.apache.cxf.transport.http.AbstractHTTPDestination.invoke(AbstractHTTPDestination.java:274)
	at org.apache.cxf.transport.http_jetty.JettyHTTPDestination.doService(JettyHTTPDestination.java:261)
	at org.apache.cxf.transport.http_jetty.JettyHTTPHandler.handle(JettyHTTPHandler.java:76)
	at org.eclipse.jetty.server.handler.ContextHandler.doHandle(ContextHandler.java:1088)
	at org.eclipse.jetty.server.handler.ContextHandler.doScope(ContextHandler.java:1024)
	at org.eclipse.jetty.server.handler.ScopedHandler.handle(ScopedHandler.java:135)
	at org.eclipse.jetty.server.handler.ContextHandlerCollection.handle(ContextHandlerCollection.java:255)
	at org.eclipse.jetty.server.handler.HandlerWrapper.handle(HandlerWrapper.java:116)
	at org.eclipse.jetty.server.Server.handle(Server.java:370)
	at org.eclipse.jetty.server.AbstractHttpConnection.handleRequest(AbstractHttpConnection.java:494)
	at org.eclipse.jetty.server.AbstractHttpConnection.content(AbstractHttpConnection.java:984)
	at org.eclipse.jetty.server.AbstractHttpConnection$RequestHandler.content(AbstractHttpConnection.java:1045)
	at org.eclipse.jetty.http.HttpParser.parseNext(HttpParser.java:861)
	at org.eclipse.jetty.http.HttpParser.parseAvailable(HttpParser.java:236)
	at org.eclipse.jetty.server.AsyncHttpConnection.handle(AsyncHttpConnection.java:82)
	at org.eclipse.jetty.io.nio.SelectChannelEndPoint.handle(SelectChannelEndPoint.java:696)
	at org.eclipse.jetty.io.nio.SelectChannelEndPoint$1.run(SelectChannelEndPoint.java:53)
	at org.eclipse.jetty.util.thread.QueuedThreadPool.runJob(QueuedThreadPool.java:608)
	at org.eclipse.jetty.util.thread.QueuedThreadPool$3.run(QueuedThreadPool.java:543)
	at java.lang.Thread.run(Thread.java:748)
Caused by: java.lang.IllegalArgumentException: root cannot be null
	at org.apache.pdfbox.pdmodel.PDPageTree.<init>(PDPageTree.java:75)
	at org.apache.pdfbox.pdmodel.PDDocumentCatalog.getPages(PDDocumentCatalog.java:129)
	at org.apache.pdfbox.pdmodel.PDDocument.getNumberOfPages(PDDocument.java:1411)
	at org.apache.tika.parser.pdf.PDFParser.extractMetadata(PDFParser.java:244)
	at org.apache.tika.parser.pdf.PDFParser.parse(PDFParser.java:155)
	at org.apache.tika.parser.CompositeParser.parse(CompositeParser.java:280)
	... 34 more
ERROR Problem with writing the data, class org.apache.tika.server.resource.TikaResource$5, ContentType: text/plain
INFO  tika (autodetecting type)
INFO  tika (autodetecting type)
WARN  tika: Text extraction failed
org.apache.tika.exception.TikaException: Unexpected RuntimeException from org.apache.tika.parser.pdf.PDFParser@6fe127b4
	at org.apache.tika.parser.CompositeParser.parse(CompositeParser.java:282)
	at org.apache.tika.parser.ParserDecorator.parse(ParserDecorator.java:188)
	at org.apache.tika.parser.CompositeParser.parse(CompositeParser.java:280)
	at org.apache.tika.parser.AutoDetectParser.parse(AutoDetectParser.java:143)
	at org.apache.tika.server.resource.TikaResource.parse(TikaResource.java:322)
	at org.apache.tika.server.resource.TikaResource$5.write(TikaResource.java:421)
	at org.apache.cxf.jaxrs.provider.BinaryDataProvider.writeTo(BinaryDataProvider.java:164)
	at org.apache.cxf.jaxrs.utils.JAXRSUtils.writeMessageBody(JAXRSUtils.java:1414)
	at org.apache.cxf.jaxrs.interceptor.JAXRSOutInterceptor.serializeMessage(JAXRSOutInterceptor.java:243)
	at org.apache.cxf.jaxrs.interceptor.JAXRSOutInterceptor.processResponse(JAXRSOutInterceptor.java:119)
	at org.apache.cxf.jaxrs.interceptor.JAXRSOutInterceptor.handleMessage(JAXRSOutInterceptor.java:82)
	at org.apache.cxf.phase.PhaseInterceptorChain.doIntercept(PhaseInterceptorChain.java:307)
	at org.apache.cxf.interceptor.OutgoingChainInterceptor.handleMessage(OutgoingChainInterceptor.java:83)
	at org.apache.cxf.phase.PhaseInterceptorChain.doIntercept(PhaseInterceptorChain.java:307)
	at org.apache.cxf.transport.ChainInitiationObserver.onMessage(ChainInitiationObserver.java:121)
	at org.apache.cxf.transport.http.AbstractHTTPDestination.invoke(AbstractHTTPDestination.java:274)
	at org.apache.cxf.transport.http_jetty.JettyHTTPDestination.doService(JettyHTTPDestination.java:261)
	at org.apache.cxf.transport.http_jetty.JettyHTTPHandler.handle(JettyHTTPHandler.java:76)
	at org.eclipse.jetty.server.handler.ContextHandler.doHandle(ContextHandler.java:1088)
	at org.eclipse.jetty.server.handler.ContextHandler.doScope(ContextHandler.java:1024)
	at org.eclipse.jetty.server.handler.ScopedHandler.handle(ScopedHandler.java:135)
	at org.eclipse.jetty.server.handler.ContextHandlerCollection.handle(ContextHandlerCollection.java:255)
	at org.eclipse.jetty.server.handler.HandlerWrapper.handle(HandlerWrapper.java:116)
	at org.eclipse.jetty.server.Server.handle(Server.java:370)
	at org.eclipse.jetty.server.AbstractHttpConnection.handleRequest(AbstractHttpConnection.java:494)
	at org.eclipse.jetty.server.AbstractHttpConnection.content(AbstractHttpConnection.java:984)
	at org.eclipse.jetty.server.AbstractHttpConnection$RequestHandler.content(AbstractHttpConnection.java:1045)
	at org.eclipse.jetty.http.HttpParser.parseNext(HttpParser.java:861)
	at org.eclipse.jetty.http.HttpParser.parseAvailable(HttpParser.java:236)
	at org.eclipse.jetty.server.AsyncHttpConnection.handle(AsyncHttpConnection.java:82)
	at org.eclipse.jetty.io.nio.SelectChannelEndPoint.handle(SelectChannelEndPoint.java:696)
	at org.eclipse.jetty.io.nio.SelectChannelEndPoint$1.run(SelectChannelEndPoint.java:53)
	at org.eclipse.jetty.util.thread.QueuedThreadPool.runJob(QueuedThreadPool.java:608)
	at org.eclipse.jetty.util.thread.QueuedThreadPool$3.run(QueuedThreadPool.java:543)
	at java.lang.Thread.run(Thread.java:748)
Caused by: java.lang.IllegalArgumentException: root cannot be null
	at org.apache.pdfbox.pdmodel.PDPageTree.<init>(PDPageTree.java:75)
	at org.apache.pdfbox.pdmodel.PDDocumentCatalog.getPages(PDDocumentCatalog.java:129)
	at org.apache.pdfbox.pdmodel.PDDocument.getNumberOfPages(PDDocument.java:1411)
	at org.apache.tika.parser.pdf.PDFParser.extractMetadata(PDFParser.java:244)
	at org.apache.tika.parser.pdf.PDFParser.parse(PDFParser.java:155)
	at org.apache.tika.parser.CompositeParser.parse(CompositeParser.java:280)
	... 34 more
ERROR Problem with writing the data, class org.apache.tika.server.resource.TikaResource$5, ContentType: text/plain
INFO  tika (autodetecting type)
WARN  tika: Text extraction failed
org.apache.tika.exception.TikaException: TIKA-198: Illegal IOException from org.apache.tika.parser.pdf.PDFParser@6fe127b4
	at org.apache.tika.parser.CompositeParser.parse(CompositeParser.java:286)
	at org.apache.tika.parser.ParserDecorator.parse(ParserDecorator.java:188)
	at org.apache.tika.parser.CompositeParser.parse(CompositeParser.java:280)
	at org.apache.tika.parser.AutoDetectParser.parse(AutoDetectParser.java:143)
	at org.apache.tika.server.resource.TikaResource.parse(TikaResource.java:322)
	at org.apache.tika.server.resource.TikaResource$5.write(TikaResource.java:421)
	at org.apache.cxf.jaxrs.provider.BinaryDataProvider.writeTo(BinaryDataProvider.java:164)
	at org.apache.cxf.jaxrs.utils.JAXRSUtils.writeMessageBody(JAXRSUtils.java:1414)
	at org.apache.cxf.jaxrs.interceptor.JAXRSOutInterceptor.serializeMessage(JAXRSOutInterceptor.java:243)
	at org.apache.cxf.jaxrs.interceptor.JAXRSOutInterceptor.processResponse(JAXRSOutInterceptor.java:119)
	at org.apache.cxf.jaxrs.interceptor.JAXRSOutInterceptor.handleMessage(JAXRSOutInterceptor.java:82)
	at org.apache.cxf.phase.PhaseInterceptorChain.doIntercept(PhaseInterceptorChain.java:307)
	at org.apache.cxf.interceptor.OutgoingChainInterceptor.handleMessage(OutgoingChainInterceptor.java:83)
	at org.apache.cxf.phase.PhaseInterceptorChain.doIntercept(PhaseInterceptorChain.java:307)
	at org.apache.cxf.transport.ChainInitiationObserver.onMessage(ChainInitiationObserver.java:121)
	at org.apache.cxf.transport.http.AbstractHTTPDestination.invoke(AbstractHTTPDestination.java:274)
	at org.apache.cxf.transport.http_jetty.JettyHTTPDestination.doService(JettyHTTPDestination.java:261)
	at org.apache.cxf.transport.http_jetty.JettyHTTPHandler.handle(JettyHTTPHandler.java:76)
	at org.eclipse.jetty.server.handler.ContextHandler.doHandle(ContextHandler.java:1088)
	at org.eclipse.jetty.server.handler.ContextHandler.doScope(ContextHandler.java:1024)
	at org.eclipse.jetty.server.handler.ScopedHandler.handle(ScopedHandler.java:135)
	at org.eclipse.jetty.server.handler.ContextHandlerCollection.handle(ContextHandlerCollection.java:255)
	at org.eclipse.jetty.server.handler.HandlerWrapper.handle(HandlerWrapper.java:116)
	at org.eclipse.jetty.server.Server.handle(Server.java:370)
	at org.eclipse.jetty.server.AbstractHttpConnection.handleRequest(AbstractHttpConnection.java:494)
	at org.eclipse.jetty.server.AbstractHttpConnection.content(AbstractHttpConnection.java:984)
	at org.eclipse.jetty.server.AbstractHttpConnection$RequestHandler.content(AbstractHttpConnection.java:1045)
	at org.eclipse.jetty.http.HttpParser.parseNext(HttpParser.java:861)
	at org.eclipse.jetty.http.HttpParser.parseAvailable(HttpParser.java:236)
	at org.eclipse.jetty.server.AsyncHttpConnection.handle(AsyncHttpConnection.java:82)
	at org.eclipse.jetty.io.nio.SelectChannelEndPoint.handle(SelectChannelEndPoint.java:696)
	at org.eclipse.jetty.io.nio.SelectChannelEndPoint$1.run(SelectChannelEndPoint.java:53)
	at org.eclipse.jetty.util.thread.QueuedThreadPool.runJob(QueuedThreadPool.java:608)
	at org.eclipse.jetty.util.thread.QueuedThreadPool$3.run(QueuedThreadPool.java:543)
	at java.lang.Thread.run(Thread.java:748)
Caused by: java.io.IOException: Missing root object specification in trailer.
	at org.apache.pdfbox.pdfparser.COSParser.parseTrailerValuesDynamically(COSParser.java:2684)
	at org.apache.pdfbox.pdfparser.PDFParser.initialParse(PDFParser.java:193)
	at org.apache.pdfbox.pdfparser.PDFParser.parse(PDFParser.java:240)
	at org.apache.pdfbox.pdmodel.PDDocument.load(PDDocument.java:1145)
	at org.apache.pdfbox.pdmodel.PDDocument.load(PDDocument.java:1118)
	at org.apache.tika.parser.pdf.PDFParser.parse(PDFParser.java:150)
	at org.apache.tika.parser.CompositeParser.parse(CompositeParser.java:280)
	... 34 more
ERROR Problem with writing the data, class org.apache.tika.server.resource.TikaResource$5, ContentType: text/plain
INFO  tika (autodetecting type)
WARN  tika: Text extraction failed
org.apache.tika.exception.TikaException: Unexpected RuntimeException from org.apache.tika.parser.pdf.PDFParser@6fe127b4
	at org.apache.tika.parser.CompositeParser.parse(CompositeParser.java:282)
	at org.apache.tika.parser.ParserDecorator.parse(ParserDecorator.java:188)
	at org.apache.tika.parser.CompositeParser.parse(CompositeParser.java:280)
	at org.apache.tika.parser.AutoDetectParser.parse(AutoDetectParser.java:143)
	at org.apache.tika.server.resource.TikaResource.parse(TikaResource.java:322)
	at org.apache.tika.server.resource.TikaResource$5.write(TikaResource.java:421)
	at org.apache.cxf.jaxrs.provider.BinaryDataProvider.writeTo(BinaryDataProvider.java:164)
	at org.apache.cxf.jaxrs.utils.JAXRSUtils.writeMessageBody(JAXRSUtils.java:1414)
	at org.apache.cxf.jaxrs.interceptor.JAXRSOutInterceptor.serializeMessage(JAXRSOutInterceptor.java:243)
	at org.apache.cxf.jaxrs.interceptor.JAXRSOutInterceptor.processResponse(JAXRSOutInterceptor.java:119)
	at org.apache.cxf.jaxrs.interceptor.JAXRSOutInterceptor.handleMessage(JAXRSOutInterceptor.java:82)
	at org.apache.cxf.phase.PhaseInterceptorChain.doIntercept(PhaseInterceptorChain.java:307)
	at org.apache.cxf.interceptor.OutgoingChainInterceptor.handleMessage(OutgoingChainInterceptor.java:83)
	at org.apache.cxf.phase.PhaseInterceptorChain.doIntercept(PhaseInterceptorChain.java:307)
	at org.apache.cxf.transport.ChainInitiationObserver.onMessage(ChainInitiationObserver.java:121)
	at org.apache.cxf.transport.http.AbstractHTTPDestination.invoke(AbstractHTTPDestination.java:274)
	at org.apache.cxf.transport.http_jetty.JettyHTTPDestination.doService(JettyHTTPDestination.java:261)
	at org.apache.cxf.transport.http_jetty.JettyHTTPHandler.handle(JettyHTTPHandler.java:76)
	at org.eclipse.jetty.server.handler.ContextHandler.doHandle(ContextHandler.java:1088)
	at org.eclipse.jetty.server.handler.ContextHandler.doScope(ContextHandler.java:1024)
	at org.eclipse.jetty.server.handler.ScopedHandler.handle(ScopedHandler.java:135)
	at org.eclipse.jetty.server.handler.ContextHandlerCollection.handle(ContextHandlerCollection.java:255)
	at org.eclipse.jetty.server.handler.HandlerWrapper.handle(HandlerWrapper.java:116)
	at org.eclipse.jetty.server.Server.handle(Server.java:370)
	at org.eclipse.jetty.server.AbstractHttpConnection.handleRequest(AbstractHttpConnection.java:494)
	at org.eclipse.jetty.server.AbstractHttpConnection.content(AbstractHttpConnection.java:984)
	at org.eclipse.jetty.server.AbstractHttpConnection$RequestHandler.content(AbstractHttpConnection.java:1045)
	at org.eclipse.jetty.http.HttpParser.parseNext(HttpParser.java:861)
	at org.eclipse.jetty.http.HttpParser.parseAvailable(HttpParser.java:236)
	at org.eclipse.jetty.server.AsyncHttpConnection.handle(AsyncHttpConnection.java:82)
	at org.eclipse.jetty.io.nio.SelectChannelEndPoint.handle(SelectChannelEndPoint.java:696)
	at org.eclipse.jetty.io.nio.SelectChannelEndPoint$1.run(SelectChannelEndPoint.java:53)
	at org.eclipse.jetty.util.thread.QueuedThreadPool.runJob(QueuedThreadPool.java:608)
	at org.eclipse.jetty.util.thread.QueuedThreadPool$3.run(QueuedThreadPool.java:543)
	at java.lang.Thread.run(Thread.java:748)
Caused by: java.lang.IllegalArgumentException: root cannot be null
	at org.apache.pdfbox.pdmodel.PDPageTree.<init>(PDPageTree.java:75)
	at org.apache.pdfbox.pdmodel.PDDocumentCatalog.getPages(PDDocumentCatalog.java:129)
	at org.apache.pdfbox.pdmodel.PDDocument.getNumberOfPages(PDDocument.java:1411)
	at org.apache.tika.parser.pdf.PDFParser.extractMetadata(PDFParser.java:244)
	at org.apache.tika.parser.pdf.PDFParser.parse(PDFParser.java:155)
	at org.apache.tika.parser.CompositeParser.parse(CompositeParser.java:280)
	... 34 more
ERROR Problem with writing the data, class org.apache.tika.server.resource.TikaResource$5, ContentType: text/plain
INFO  tika (autodetecting type)
WARN  tika: Text extraction failed
org.apache.tika.exception.TikaException: TIKA-198: Illegal IOException from org.apache.tika.parser.pdf.PDFParser@6fe127b4
	at org.apache.tika.parser.CompositeParser.parse(CompositeParser.java:286)
	at org.apache.tika.parser.ParserDecorator.parse(ParserDecorator.java:188)
	at org.apache.tika.parser.CompositeParser.parse(CompositeParser.java:280)
	at org.apache.tika.parser.AutoDetectParser.parse(AutoDetectParser.java:143)
	at org.apache.tika.server.resource.TikaResource.parse(TikaResource.java:322)
	at org.apache.tika.server.resource.TikaResource$5.write(TikaResource.java:421)
	at org.apache.cxf.jaxrs.provider.BinaryDataProvider.writeTo(BinaryDataProvider.java:164)
	at org.apache.cxf.jaxrs.utils.JAXRSUtils.writeMessageBody(JAXRSUtils.java:1414)
	at org.apache.cxf.jaxrs.interceptor.JAXRSOutInterceptor.serializeMessage(JAXRSOutInterceptor.java:243)
	at org.apache.cxf.jaxrs.interceptor.JAXRSOutInterceptor.processResponse(JAXRSOutInterceptor.java:119)
	at org.apache.cxf.jaxrs.interceptor.JAXRSOutInterceptor.handleMessage(JAXRSOutInterceptor.java:82)
	at org.apache.cxf.phase.PhaseInterceptorChain.doIntercept(PhaseInterceptorChain.java:307)
	at org.apache.cxf.interceptor.OutgoingChainInterceptor.handleMessage(OutgoingChainInterceptor.java:83)
	at org.apache.cxf.phase.PhaseInterceptorChain.doIntercept(PhaseInterceptorChain.java:307)
	at org.apache.cxf.transport.ChainInitiationObserver.onMessage(ChainInitiationObserver.java:121)
	at org.apache.cxf.transport.http.AbstractHTTPDestination.invoke(AbstractHTTPDestination.java:274)
	at org.apache.cxf.transport.http_jetty.JettyHTTPDestination.doService(JettyHTTPDestination.java:261)
	at org.apache.cxf.transport.http_jetty.JettyHTTPHandler.handle(JettyHTTPHandler.java:76)
	at org.eclipse.jetty.server.handler.ContextHandler.doHandle(ContextHandler.java:1088)
	at org.eclipse.jetty.server.handler.ContextHandler.doScope(ContextHandler.java:1024)
	at org.eclipse.jetty.server.handler.ScopedHandler.handle(ScopedHandler.java:135)
	at org.eclipse.jetty.server.handler.ContextHandlerCollection.handle(ContextHandlerCollection.java:255)
	at org.eclipse.jetty.server.handler.HandlerWrapper.handle(HandlerWrapper.java:116)
	at org.eclipse.jetty.server.Server.handle(Server.java:370)
	at org.eclipse.jetty.server.AbstractHttpConnection.handleRequest(AbstractHttpConnection.java:494)
	at org.eclipse.jetty.server.AbstractHttpConnection.content(AbstractHttpConnection.java:984)
	at org.eclipse.jetty.server.AbstractHttpConnection$RequestHandler.content(AbstractHttpConnection.java:1045)
	at org.eclipse.jetty.http.HttpParser.parseNext(HttpParser.java:861)
	at org.eclipse.jetty.http.HttpParser.parseAvailable(HttpParser.java:236)
	at org.eclipse.jetty.server.AsyncHttpConnection.handle(AsyncHttpConnection.java:82)
	at org.eclipse.jetty.io.nio.SelectChannelEndPoint.handle(SelectChannelEndPoint.java:696)
	at org.eclipse.jetty.io.nio.SelectChannelEndPoint$1.run(SelectChannelEndPoint.java:53)
	at org.eclipse.jetty.util.thread.QueuedThreadPool.runJob(QueuedThreadPool.java:608)
	at org.eclipse.jetty.util.thread.QueuedThreadPool$3.run(QueuedThreadPool.java:543)
	at java.lang.Thread.run(Thread.java:748)
Caused by: java.io.IOException: Missing root object specification in trailer.
	at org.apache.pdfbox.pdfparser.COSParser.parseTrailerValuesDynamically(COSParser.java:2684)
	at org.apache.pdfbox.pdfparser.PDFParser.initialParse(PDFParser.java:193)
	at org.apache.pdfbox.pdfparser.PDFParser.parse(PDFParser.java:240)
	at org.apache.pdfbox.pdmodel.PDDocument.load(PDDocument.java:1145)
	at org.apache.pdfbox.pdmodel.PDDocument.load(PDDocument.java:1118)
	at org.apache.tika.parser.pdf.PDFParser.parse(PDFParser.java:150)
	at org.apache.tika.parser.CompositeParser.parse(CompositeParser.java:280)
	... 34 more
ERROR Problem with writing the data, class org.apache.tika.server.resource.TikaResource$5, ContentType: text/plain
INFO  tika (autodetecting type)
WARN  tika: Text extraction failed
org.apache.tika.exception.TikaException: TIKA-198: Illegal IOException from org.apache.tika.parser.pdf.PDFParser@6fe127b4
	at org.apache.tika.parser.CompositeParser.parse(CompositeParser.java:286)
	at org.apache.tika.parser.ParserDecorator.parse(ParserDecorator.java:188)
	at org.apache.tika.parser.CompositeParser.parse(CompositeParser.java:280)
	at org.apache.tika.parser.AutoDetectParser.parse(AutoDetectParser.java:143)
	at org.apache.tika.server.resource.TikaResource.parse(TikaResource.java:322)
	at org.apache.tika.server.resource.TikaResource$5.write(TikaResource.java:421)
	at org.apache.cxf.jaxrs.provider.BinaryDataProvider.writeTo(BinaryDataProvider.java:164)
	at org.apache.cxf.jaxrs.utils.JAXRSUtils.writeMessageBody(JAXRSUtils.java:1414)
	at org.apache.cxf.jaxrs.interceptor.JAXRSOutInterceptor.serializeMessage(JAXRSOutInterceptor.java:243)
	at org.apache.cxf.jaxrs.interceptor.JAXRSOutInterceptor.processResponse(JAXRSOutInterceptor.java:119)
	at org.apache.cxf.jaxrs.interceptor.JAXRSOutInterceptor.handleMessage(JAXRSOutInterceptor.java:82)
	at org.apache.cxf.phase.PhaseInterceptorChain.doIntercept(PhaseInterceptorChain.java:307)
	at org.apache.cxf.interceptor.OutgoingChainInterceptor.handleMessage(OutgoingChainInterceptor.java:83)
	at org.apache.cxf.phase.PhaseInterceptorChain.doIntercept(PhaseInterceptorChain.java:307)
	at org.apache.cxf.transport.ChainInitiationObserver.onMessage(ChainInitiationObserver.java:121)
	at org.apache.cxf.transport.http.AbstractHTTPDestination.invoke(AbstractHTTPDestination.java:274)
	at org.apache.cxf.transport.http_jetty.JettyHTTPDestination.doService(JettyHTTPDestination.java:261)
	at org.apache.cxf.transport.http_jetty.JettyHTTPHandler.handle(JettyHTTPHandler.java:76)
	at org.eclipse.jetty.server.handler.ContextHandler.doHandle(ContextHandler.java:1088)
	at org.eclipse.jetty.server.handler.ContextHandler.doScope(ContextHandler.java:1024)
	at org.eclipse.jetty.server.handler.ScopedHandler.handle(ScopedHandler.java:135)
	at org.eclipse.jetty.server.handler.ContextHandlerCollection.handle(ContextHandlerCollection.java:255)
	at org.eclipse.jetty.server.handler.HandlerWrapper.handle(HandlerWrapper.java:116)
	at org.eclipse.jetty.server.Server.handle(Server.java:370)
	at org.eclipse.jetty.server.AbstractHttpConnection.handleRequest(AbstractHttpConnection.java:494)
	at org.eclipse.jetty.server.AbstractHttpConnection.content(AbstractHttpConnection.java:984)
	at org.eclipse.jetty.server.AbstractHttpConnection$RequestHandler.content(AbstractHttpConnection.java:1045)
	at org.eclipse.jetty.http.HttpParser.parseNext(HttpParser.java:861)
	at org.eclipse.jetty.http.HttpParser.parseAvailable(HttpParser.java:236)
	at org.eclipse.jetty.server.AsyncHttpConnection.handle(AsyncHttpConnection.java:82)
	at org.eclipse.jetty.io.nio.SelectChannelEndPoint.handle(SelectChannelEndPoint.java:696)
	at org.eclipse.jetty.io.nio.SelectChannelEndPoint$1.run(SelectChannelEndPoint.java:53)
	at org.eclipse.jetty.util.thread.QueuedThreadPool.runJob(QueuedThreadPool.java:608)
	at org.eclipse.jetty.util.thread.QueuedThreadPool$3.run(QueuedThreadPool.java:543)
	at java.lang.Thread.run(Thread.java:748)
Caused by: java.io.IOException: Missing root object specification in trailer.
	at org.apache.pdfbox.pdfparser.COSParser.parseTrailerValuesDynamically(COSParser.java:2684)
	at org.apache.pdfbox.pdfparser.PDFParser.initialParse(PDFParser.java:193)
	at org.apache.pdfbox.pdfparser.PDFParser.parse(PDFParser.java:240)
	at org.apache.pdfbox.pdmodel.PDDocument.load(PDDocument.java:1145)
	at org.apache.pdfbox.pdmodel.PDDocument.load(PDDocument.java:1118)
	at org.apache.tika.parser.pdf.PDFParser.parse(PDFParser.java:150)
	at org.apache.tika.parser.CompositeParser.parse(CompositeParser.java:280)
	... 34 more
ERROR Problem with writing the data, class org.apache.tika.server.resource.TikaResource$5, ContentType: text/plain
